
 Data: 
    1.1000         0   -2.1000   -3.5000    6.0000
         0   -3.0000   -5.6000    2.8000    4.3000
    2.1000    0.3000    0.1000   -0.4000    1.3000
   -1.4000    5.1000         0    1.1000   -3.0000

Show the max values of the array: 

a =

    2.1000    5.1000    0.1000    2.8000    6.0000


b =

     3     4     3     2     1

Show the min values of the array: 

c =

   -1.4000   -3.0000   -5.6000   -3.5000   -3.0000


d =

     4     2     2     1     4

Show the average/mean values of the array: 

M_a1 =

    0.4500    0.6000   -1.9000         0    2.1500

    0.4500    0.6000   -1.9000         0    2.1500

Week_3_homework

 Data: 
    1.1000         0   -2.1000   -3.5000    6.0000
         0   -3.0000   -5.6000    2.8000    4.3000
    2.1000    0.3000    0.1000   -0.4000    1.3000
   -1.4000    5.1000         0    1.1000   -3.0000

Show the max values of the array: 

a =

    2.1000    5.1000    0.1000    2.8000    6.0000


b =

     3     4     3     2     1

Show the min values of the array: 

c =

   -1.4000   -3.0000   -5.6000   -3.5000   -3.0000


d =

     4     2     2     1     4

Show the average/mean values of the array: 

M_a1 =

    0.4500    0.6000   -1.9000         0    2.1500

    0.4500    0.6000   -1.9000         0    2.1500

Week_3_homework
{Error: <a href="matlab: opentoline('C:\Users\Austin\Documents\MATLAB\2017\Week_3_homework.m',23,9)">File: Week_3_homework.m Line: 23 Column: 9
</a>Character vector is not terminated properly.
} 
Week_3_homework

 Data: 
    1.1000         0   -2.1000   -3.5000    6.0000
         0   -3.0000   -5.6000    2.8000    4.3000
    2.1000    0.3000    0.1000   -0.4000    1.3000
   -1.4000    5.1000         0    1.1000   -3.0000

Show the max values of the array: 

a =

    2.1000    5.1000    0.1000    2.8000    6.0000


b =

     3     4     3     2     1

c shows the position of the max: 
Show the min values of the array: 

c =

   -1.4000   -3.0000   -5.6000   -3.5000   -3.0000


d =

     4     2     2     1     4

d shows the position of the min: 
Show the average/mean values of the array: 

M_a1 =

    0.4500    0.6000   -1.9000         0    2.1500

    0.4500    0.6000   -1.9000         0    2.1500

Week_3_homework

 Data: 
    1.1000         0   -2.1000   -3.5000    6.0000
         0   -3.0000   -5.6000    2.8000    4.3000
    2.1000    0.3000    0.1000   -0.4000    1.3000
   -1.4000    5.1000         0    1.1000   -3.0000

Show the max values of the array: 

a =

    2.1000    5.1000    0.1000    2.8000    6.0000


b =

     3     4     3     2     1

c shows the position of the max: 

Show the min values of the array: 

c =

   -1.4000   -3.0000   -5.6000   -3.5000   -3.0000


d =

     4     2     2     1     4

d shows the position of the min: 
Show the average/mean values of the array: 

M_a1 =

    0.4500    0.6000   -1.9000         0    2.1500

    0.4500    0.6000   -1.9000         0    2.1500

Week_3_homework

 Data: 
    1.1000         0   -2.1000   -3.5000    6.0000
         0   -3.0000   -5.6000    2.8000    4.3000
    2.1000    0.3000    0.1000   -0.4000    1.3000
   -1.4000    5.1000         0    1.1000   -3.0000

Show the max values of the array: 

a =

    2.1000    5.1000    0.1000    2.8000    6.0000


b =

     3     4     3     2     1

c shows the position of the max: 

     Show the min values of the array: 

c =

   -1.4000   -3.0000   -5.6000   -3.5000   -3.0000


d =

     4     2     2     1     4

d shows the position of the min: 
Show the average/mean values of the array: 

M_a1 =

    0.4500    0.6000   -1.9000         0    2.1500

    0.4500    0.6000   -1.9000         0    2.1500

Week_3_homework

 Data: 
    1.1000         0   -2.1000   -3.5000    6.0000
         0   -3.0000   -5.6000    2.8000    4.3000
    2.1000    0.3000    0.1000   -0.4000    1.3000
   -1.4000    5.1000         0    1.1000   -3.0000


     Show the max values of the array: 

a =

    2.1000    5.1000    0.1000    2.8000    6.0000


b =

     3     4     3     2     1

c shows the position of the max: 

     Show the min values of the array: 

c =

   -1.4000   -3.0000   -5.6000   -3.5000   -3.0000


d =

     4     2     2     1     4

d shows the position of the min: 

     Show the average/mean values of the array: 

M_a1 =

    0.4500    0.6000   -1.9000         0    2.1500

    0.4500    0.6000   -1.9000         0    2.1500

Week_3_homework
